[22/Sep/2017 22:18:36] INFO [root:132] ObjectCreateMixin (73) - this is a logging.info
[22/Sep/2017 22:18:36] WARNING [py.warnings:107] /Users/michaelsweeney/epa7658577/epa7658577/urls.py:57: RemovedInDjango110Warning: Support for string view arguments to url() is deprecated and will be removed in Django 1.10 (got django.views.static.serve). Pass the callable instead.
  url(r'^static/(?P<path>.*)$', 'django.views.static.serve', {'document_root': settings.STATIC_ROOT}),

[22/Sep/2017 22:18:50] WARNING [django.request:182] Not Found: /favicon.ico
[22/Sep/2017 22:18:50] WARNING [django.request:182] Not Found: /favicon.ico
[23/Sep/2017 15:10:58] INFO [root:132] ObjectCreateMixin (73) - this is a logging.info
[23/Sep/2017 15:10:58] WARNING [py.warnings:107] /Users/michaelsweeney/epa7658577/epa7658577/urls.py:57: RemovedInDjango110Warning: Support for string view arguments to url() is deprecated and will be removed in Django 1.10 (got django.views.static.serve). Pass the callable instead.
  url(r'^static/(?P<path>.*)$', 'django.views.static.serve', {'document_root': settings.STATIC_ROOT}),

[23/Sep/2017 15:12:41] INFO [root:132] ObjectCreateMixin (73) - this is a logging.info
[23/Sep/2017 15:13:33] INFO [root:132] ObjectCreateMixin (73) - this is a logging.info
[23/Sep/2017 15:13:33] WARNING [py.warnings:107] /Users/michaelsweeney/epa7658577/epa7658577/urls.py:57: RemovedInDjango110Warning: Support for string view arguments to url() is deprecated and will be removed in Django 1.10 (got django.views.static.serve). Pass the callable instead.
  url(r'^static/(?P<path>.*)$', 'django.views.static.serve', {'document_root': settings.STATIC_ROOT}),

[23/Sep/2017 15:20:15] INFO [root:132] ObjectCreateMixin (73) - this is a logging.info
[23/Sep/2017 15:20:15] WARNING [py.warnings:107] /Users/michaelsweeney/epa7658577/epa7658577/urls.py:57: RemovedInDjango110Warning: Support for string view arguments to url() is deprecated and will be removed in Django 1.10 (got django.views.static.serve). Pass the callable instead.
  url(r'^static/(?P<path>.*)$', 'django.views.static.serve', {'document_root': settings.STATIC_ROOT}),

[23/Sep/2017 15:30:49] INFO [root:132] ObjectCreateMixin (73) - this is a logging.info
[23/Sep/2017 15:30:49] WARNING [py.warnings:107] /Users/michaelsweeney/epa7658577/epa7658577/urls.py:57: RemovedInDjango110Warning: Support for string view arguments to url() is deprecated and will be removed in Django 1.10 (got django.views.static.serve). Pass the callable instead.
  url(r'^static/(?P<path>.*)$', 'django.views.static.serve', {'document_root': settings.STATIC_ROOT}),

[23/Sep/2017 15:33:05] INFO [root:132] ObjectCreateMixin (73) - this is a logging.info
[23/Sep/2017 15:33:05] WARNING [py.warnings:107] /Users/michaelsweeney/epa7658577/epa7658577/urls.py:57: RemovedInDjango110Warning: Support for string view arguments to url() is deprecated and will be removed in Django 1.10 (got django.views.static.serve). Pass the callable instead.
  url(r'^static/(?P<path>.*)$', 'django.views.static.serve', {'document_root': settings.STATIC_ROOT}),

[23/Sep/2017 15:33:18] ERROR [django.request:284] Internal Server Error: /
Traceback (most recent call last):
  File "/usr/local/lib/python3.4/site-packages/django/db/backends/utils.py", line 64, in execute
    return self.cursor.execute(sql, params)
psycopg2.ProgrammingError: column nutr_poc.judge does not exist
LINE 1: ..., "nutr_poc"."updated_date", "nutr_poc"."status", "nutr_poc"...
                                                             ^


The above exception was the direct cause of the following exception:

Traceback (most recent call last):
  File "/usr/local/lib/python3.4/site-packages/django/core/handlers/base.py", line 149, in get_response
    response = self.process_exception_by_middleware(e, request)
  File "/usr/local/lib/python3.4/site-packages/django/core/handlers/base.py", line 147, in get_response
    response = wrapped_callback(request, *callback_args, **callback_kwargs)
  File "/Users/michaelsweeney/epa7658577/nutr/views.py", line 95, in homepage
    {'tag_list': Tag.objects.all()})
  File "/usr/local/lib/python3.4/site-packages/django/shortcuts.py", line 67, in render
    template_name, context, request=request, using=using)
  File "/usr/local/lib/python3.4/site-packages/django/template/loader.py", line 97, in render_to_string
    return template.render(context, request)
  File "/usr/local/lib/python3.4/site-packages/django/template/backends/django.py", line 95, in render
    return self.template.render(context)
  File "/usr/local/lib/python3.4/site-packages/django/template/base.py", line 206, in render
    return self._render(context)
  File "/usr/local/lib/python3.4/site-packages/django/template/base.py", line 197, in _render
    return self.nodelist.render(context)
  File "/usr/local/lib/python3.4/site-packages/django/template/base.py", line 992, in render
    bit = node.render_annotated(context)
  File "/usr/local/lib/python3.4/site-packages/django/template/base.py", line 959, in render_annotated
    return self.render(context)
  File "/usr/local/lib/python3.4/site-packages/django/template/loader_tags.py", line 173, in render
    return compiled_parent._render(context)
  File "/usr/local/lib/python3.4/site-packages/django/template/base.py", line 197, in _render
    return self.nodelist.render(context)
  File "/usr/local/lib/python3.4/site-packages/django/template/base.py", line 992, in render
    bit = node.render_annotated(context)
  File "/usr/local/lib/python3.4/site-packages/django/template/base.py", line 959, in render_annotated
    return self.render(context)
  File "/usr/local/lib/python3.4/site-packages/django/template/loader_tags.py", line 173, in render
    return compiled_parent._render(context)
  File "/usr/local/lib/python3.4/site-packages/django/template/base.py", line 197, in _render
    return self.nodelist.render(context)
  File "/usr/local/lib/python3.4/site-packages/django/template/base.py", line 992, in render
    bit = node.render_annotated(context)
  File "/usr/local/lib/python3.4/site-packages/django/template/base.py", line 959, in render_annotated
    return self.render(context)
  File "/usr/local/lib/python3.4/site-packages/django/template/loader_tags.py", line 69, in render
    result = block.nodelist.render(context)
  File "/usr/local/lib/python3.4/site-packages/django/template/base.py", line 992, in render
    bit = node.render_annotated(context)
  File "/usr/local/lib/python3.4/site-packages/django/template/base.py", line 959, in render_annotated
    return self.render(context)
  File "/usr/local/lib/python3.4/site-packages/django/template/loader_tags.py", line 69, in render
    result = block.nodelist.render(context)
  File "/usr/local/lib/python3.4/site-packages/django/template/base.py", line 992, in render
    bit = node.render_annotated(context)
  File "/usr/local/lib/python3.4/site-packages/django/template/base.py", line 959, in render_annotated
    return self.render(context)
  File "/usr/local/lib/python3.4/site-packages/django/template/defaulttags.py", line 220, in render
    nodelist.append(node.render_annotated(context))
  File "/usr/local/lib/python3.4/site-packages/django/template/base.py", line 959, in render_annotated
    return self.render(context)
  File "/usr/local/lib/python3.4/site-packages/django/template/defaulttags.py", line 325, in render
    if match:
  File "/usr/local/lib/python3.4/site-packages/django/db/models/query.py", line 262, in __bool__
    self._fetch_all()
  File "/usr/local/lib/python3.4/site-packages/django/db/models/query.py", line 1074, in _fetch_all
    self._result_cache = list(self.iterator())
  File "/usr/local/lib/python3.4/site-packages/django/db/models/query.py", line 52, in __iter__
    results = compiler.execute_sql()
  File "/usr/local/lib/python3.4/site-packages/django/db/models/sql/compiler.py", line 848, in execute_sql
    cursor.execute(sql, params)
  File "/usr/local/lib/python3.4/site-packages/django/db/backends/utils.py", line 79, in execute
    return super(CursorDebugWrapper, self).execute(sql, params)
  File "/usr/local/lib/python3.4/site-packages/django/db/backends/utils.py", line 64, in execute
    return self.cursor.execute(sql, params)
  File "/usr/local/lib/python3.4/site-packages/django/db/utils.py", line 95, in __exit__
    six.reraise(dj_exc_type, dj_exc_value, traceback)
  File "/usr/local/lib/python3.4/site-packages/django/utils/six.py", line 685, in reraise
    raise value.with_traceback(tb)
  File "/usr/local/lib/python3.4/site-packages/django/db/backends/utils.py", line 64, in execute
    return self.cursor.execute(sql, params)
django.db.utils.ProgrammingError: column nutr_poc.judge does not exist
LINE 1: ..., "nutr_poc"."updated_date", "nutr_poc"."status", "nutr_poc"...
                                                             ^

[23/Sep/2017 15:33:18] ERROR [django.request:284] Internal Server Error: /
Traceback (most recent call last):
  File "/usr/local/lib/python3.4/site-packages/django/db/backends/utils.py", line 64, in execute
    return self.cursor.execute(sql, params)
psycopg2.ProgrammingError: column nutr_poc.judge does not exist
LINE 1: ..., "nutr_poc"."updated_date", "nutr_poc"."status", "nutr_poc"...
                                                             ^


The above exception was the direct cause of the following exception:

Traceback (most recent call last):
  File "/usr/local/lib/python3.4/site-packages/django/core/handlers/base.py", line 149, in get_response
    response = self.process_exception_by_middleware(e, request)
  File "/usr/local/lib/python3.4/site-packages/django/core/handlers/base.py", line 147, in get_response
    response = wrapped_callback(request, *callback_args, **callback_kwargs)
  File "/Users/michaelsweeney/epa7658577/nutr/views.py", line 95, in homepage
    {'tag_list': Tag.objects.all()})
  File "/usr/local/lib/python3.4/site-packages/django/shortcuts.py", line 67, in render
    template_name, context, request=request, using=using)
  File "/usr/local/lib/python3.4/site-packages/django/template/loader.py", line 97, in render_to_string
    return template.render(context, request)
  File "/usr/local/lib/python3.4/site-packages/django/template/backends/django.py", line 95, in render
    return self.template.render(context)
  File "/usr/local/lib/python3.4/site-packages/django/template/base.py", line 206, in render
    return self._render(context)
  File "/usr/local/lib/python3.4/site-packages/django/template/base.py", line 197, in _render
    return self.nodelist.render(context)
  File "/usr/local/lib/python3.4/site-packages/django/template/base.py", line 992, in render
    bit = node.render_annotated(context)
  File "/usr/local/lib/python3.4/site-packages/django/template/base.py", line 959, in render_annotated
    return self.render(context)
  File "/usr/local/lib/python3.4/site-packages/django/template/loader_tags.py", line 173, in render
    return compiled_parent._render(context)
  File "/usr/local/lib/python3.4/site-packages/django/template/base.py", line 197, in _render
    return self.nodelist.render(context)
  File "/usr/local/lib/python3.4/site-packages/django/template/base.py", line 992, in render
    bit = node.render_annotated(context)
  File "/usr/local/lib/python3.4/site-packages/django/template/base.py", line 959, in render_annotated
    return self.render(context)
  File "/usr/local/lib/python3.4/site-packages/django/template/loader_tags.py", line 173, in render
    return compiled_parent._render(context)
  File "/usr/local/lib/python3.4/site-packages/django/template/base.py", line 197, in _render
    return self.nodelist.render(context)
  File "/usr/local/lib/python3.4/site-packages/django/template/base.py", line 992, in render
    bit = node.render_annotated(context)
  File "/usr/local/lib/python3.4/site-packages/django/template/base.py", line 959, in render_annotated
    return self.render(context)
  File "/usr/local/lib/python3.4/site-packages/django/template/loader_tags.py", line 69, in render
    result = block.nodelist.render(context)
  File "/usr/local/lib/python3.4/site-packages/django/template/base.py", line 992, in render
    bit = node.render_annotated(context)
  File "/usr/local/lib/python3.4/site-packages/django/template/base.py", line 959, in render_annotated
    return self.render(context)
  File "/usr/local/lib/python3.4/site-packages/django/template/loader_tags.py", line 69, in render
    result = block.nodelist.render(context)
  File "/usr/local/lib/python3.4/site-packages/django/template/base.py", line 992, in render
    bit = node.render_annotated(context)
  File "/usr/local/lib/python3.4/site-packages/django/template/base.py", line 959, in render_annotated
    return self.render(context)
  File "/usr/local/lib/python3.4/site-packages/django/template/defaulttags.py", line 220, in render
    nodelist.append(node.render_annotated(context))
  File "/usr/local/lib/python3.4/site-packages/django/template/base.py", line 959, in render_annotated
    return self.render(context)
  File "/usr/local/lib/python3.4/site-packages/django/template/defaulttags.py", line 325, in render
    if match:
  File "/usr/local/lib/python3.4/site-packages/django/db/models/query.py", line 262, in __bool__
    self._fetch_all()
  File "/usr/local/lib/python3.4/site-packages/django/db/models/query.py", line 1074, in _fetch_all
    self._result_cache = list(self.iterator())
  File "/usr/local/lib/python3.4/site-packages/django/db/models/query.py", line 52, in __iter__
    results = compiler.execute_sql()
  File "/usr/local/lib/python3.4/site-packages/django/db/models/sql/compiler.py", line 848, in execute_sql
    cursor.execute(sql, params)
  File "/usr/local/lib/python3.4/site-packages/django/db/backends/utils.py", line 79, in execute
    return super(CursorDebugWrapper, self).execute(sql, params)
  File "/usr/local/lib/python3.4/site-packages/django/db/backends/utils.py", line 64, in execute
    return self.cursor.execute(sql, params)
  File "/usr/local/lib/python3.4/site-packages/django/db/utils.py", line 95, in __exit__
    six.reraise(dj_exc_type, dj_exc_value, traceback)
  File "/usr/local/lib/python3.4/site-packages/django/utils/six.py", line 685, in reraise
    raise value.with_traceback(tb)
  File "/usr/local/lib/python3.4/site-packages/django/db/backends/utils.py", line 64, in execute
    return self.cursor.execute(sql, params)
django.db.utils.ProgrammingError: column nutr_poc.judge does not exist
LINE 1: ..., "nutr_poc"."updated_date", "nutr_poc"."status", "nutr_poc"...
                                                             ^

[23/Sep/2017 15:34:03] INFO [root:132] ObjectCreateMixin (73) - this is a logging.info
[23/Sep/2017 15:34:03] WARNING [py.warnings:107] /Users/michaelsweeney/epa7658577/epa7658577/urls.py:57: RemovedInDjango110Warning: Support for string view arguments to url() is deprecated and will be removed in Django 1.10 (got django.views.static.serve). Pass the callable instead.
  url(r'^static/(?P<path>.*)$', 'django.views.static.serve', {'document_root': settings.STATIC_ROOT}),

[23/Sep/2017 15:35:10] INFO [root:231] ObjectUpdateMixin (71m) attempting to update 8624 Iryna Khalip
[23/Sep/2017 15:35:10] ERROR [django.request:284] Internal Server Error: /poc/iryna-khalip/update/
Traceback (most recent call last):
  File "/usr/local/lib/python3.4/site-packages/django/core/handlers/base.py", line 149, in get_response
    response = self.process_exception_by_middleware(e, request)
  File "/usr/local/lib/python3.4/site-packages/django/core/handlers/base.py", line 147, in get_response
    response = wrapped_callback(request, *callback_args, **callback_kwargs)
  File "/usr/local/lib/python3.4/site-packages/django/views/generic/base.py", line 68, in view
    return self.dispatch(request, *args, **kwargs)
  File "/usr/local/lib/python3.4/site-packages/django/contrib/auth/mixins.py", line 56, in dispatch
    return super(LoginRequiredMixin, self).dispatch(request, *args, **kwargs)
  File "/usr/local/lib/python3.4/site-packages/django/views/generic/base.py", line 88, in dispatch
    return handler(request, *args, **kwargs)
  File "/Users/michaelsweeney/epa7658577/nutr/utils.py", line 233, in post
    print('ObjectUpdateMixin (71o) - self.request.user: '+self.request.user)
TypeError: Can't convert 'SimpleLazyObject' object to str implicitly
[23/Sep/2017 15:35:10] ERROR [django.request:284] Internal Server Error: /poc/iryna-khalip/update/
Traceback (most recent call last):
  File "/usr/local/lib/python3.4/site-packages/django/core/handlers/base.py", line 149, in get_response
    response = self.process_exception_by_middleware(e, request)
  File "/usr/local/lib/python3.4/site-packages/django/core/handlers/base.py", line 147, in get_response
    response = wrapped_callback(request, *callback_args, **callback_kwargs)
  File "/usr/local/lib/python3.4/site-packages/django/views/generic/base.py", line 68, in view
    return self.dispatch(request, *args, **kwargs)
  File "/usr/local/lib/python3.4/site-packages/django/contrib/auth/mixins.py", line 56, in dispatch
    return super(LoginRequiredMixin, self).dispatch(request, *args, **kwargs)
  File "/usr/local/lib/python3.4/site-packages/django/views/generic/base.py", line 88, in dispatch
    return handler(request, *args, **kwargs)
  File "/Users/michaelsweeney/epa7658577/nutr/utils.py", line 233, in post
    print('ObjectUpdateMixin (71o) - self.request.user: '+self.request.user)
TypeError: Can't convert 'SimpleLazyObject' object to str implicitly
[23/Sep/2017 15:35:58] INFO [root:132] ObjectCreateMixin (73) - this is a logging.info
[23/Sep/2017 15:35:58] WARNING [py.warnings:107] /Users/michaelsweeney/epa7658577/epa7658577/urls.py:57: RemovedInDjango110Warning: Support for string view arguments to url() is deprecated and will be removed in Django 1.10 (got django.views.static.serve). Pass the callable instead.
  url(r'^static/(?P<path>.*)$', 'django.views.static.serve', {'document_root': settings.STATIC_ROOT}),

[23/Sep/2017 15:36:35] INFO [root:231] ObjectUpdateMixin (71m) attempting to update 8624 Iryna Khalip
[23/Sep/2017 15:36:35] INFO [root:237] ObjectUpdateMixin (71r) form is valid - proceeding with update
[23/Sep/2017 15:44:41] INFO [root:132] ObjectCreateMixin (73) - this is a logging.info
[23/Sep/2017 15:44:41] WARNING [py.warnings:107] /Users/michaelsweeney/epa7658577/epa7658577/urls.py:57: RemovedInDjango110Warning: Support for string view arguments to url() is deprecated and will be removed in Django 1.10 (got django.views.static.serve). Pass the callable instead.
  url(r'^static/(?P<path>.*)$', 'django.views.static.serve', {'document_root': settings.STATIC_ROOT}),

[23/Sep/2017 15:44:57] INFO [root:231] ObjectUpdateMixin (71m) attempting to update 8624 Iryna Khalip
[23/Sep/2017 15:44:57] INFO [root:238] ObjectUpdateMixin (71r) form is valid - proceeding with update
[23/Sep/2017 15:47:58] INFO [root:132] ObjectCreateMixin (73) - this is a logging.info
[23/Sep/2017 15:47:58] WARNING [py.warnings:107] /Users/michaelsweeney/epa7658577/epa7658577/urls.py:57: RemovedInDjango110Warning: Support for string view arguments to url() is deprecated and will be removed in Django 1.10 (got django.views.static.serve). Pass the callable instead.
  url(r'^static/(?P<path>.*)$', 'django.views.static.serve', {'document_root': settings.STATIC_ROOT}),

[23/Sep/2017 15:52:56] INFO [root:132] ObjectCreateMixin (73) - this is a logging.info
[23/Sep/2017 15:52:57] WARNING [py.warnings:107] /Users/michaelsweeney/epa7658577/epa7658577/urls.py:57: RemovedInDjango110Warning: Support for string view arguments to url() is deprecated and will be removed in Django 1.10 (got django.views.static.serve). Pass the callable instead.
  url(r'^static/(?P<path>.*)$', 'django.views.static.serve', {'document_root': settings.STATIC_ROOT}),

[23/Sep/2017 15:57:57] INFO [root:132] ObjectCreateMixin (73) - this is a logging.info
[23/Sep/2017 15:57:57] WARNING [py.warnings:107] /Users/michaelsweeney/epa7658577/epa7658577/urls.py:57: RemovedInDjango110Warning: Support for string view arguments to url() is deprecated and will be removed in Django 1.10 (got django.views.static.serve). Pass the callable instead.
  url(r'^static/(?P<path>.*)$', 'django.views.static.serve', {'document_root': settings.STATIC_ROOT}),

[23/Sep/2017 16:06:22] INFO [root:132] ObjectCreateMixin (73) - this is a logging.info
[23/Sep/2017 16:06:22] WARNING [py.warnings:107] /Users/michaelsweeney/epa7658577/epa7658577/urls.py:57: RemovedInDjango110Warning: Support for string view arguments to url() is deprecated and will be removed in Django 1.10 (got django.views.static.serve). Pass the callable instead.
  url(r'^static/(?P<path>.*)$', 'django.views.static.serve', {'document_root': settings.STATIC_ROOT}),

[23/Sep/2017 16:06:30] INFO [root:132] ObjectCreateMixin (73) - this is a logging.info
[23/Sep/2017 16:06:30] WARNING [py.warnings:107] /Users/michaelsweeney/epa7658577/epa7658577/urls.py:57: RemovedInDjango110Warning: Support for string view arguments to url() is deprecated and will be removed in Django 1.10 (got django.views.static.serve). Pass the callable instead.
  url(r'^static/(?P<path>.*)$', 'django.views.static.serve', {'document_root': settings.STATIC_ROOT}),

[23/Sep/2017 16:07:28] INFO [root:132] ObjectCreateMixin (73) - this is a logging.info
[23/Sep/2017 16:07:28] WARNING [py.warnings:107] /Users/michaelsweeney/epa7658577/epa7658577/urls.py:57: RemovedInDjango110Warning: Support for string view arguments to url() is deprecated and will be removed in Django 1.10 (got django.views.static.serve). Pass the callable instead.
  url(r'^static/(?P<path>.*)$', 'django.views.static.serve', {'document_root': settings.STATIC_ROOT}),

[23/Sep/2017 16:08:11] INFO [root:231] ObjectUpdateMixin (71m) attempting to update 8624 Iryna Khalip
[23/Sep/2017 16:08:11] INFO [root:237] ObjectUpdateMixin (71r) form is valid - proceeding with update
[23/Sep/2017 16:23:31] INFO [root:132] ObjectCreateMixin (73) - this is a logging.info
[23/Sep/2017 16:23:32] WARNING [py.warnings:107] /Users/michaelsweeney/epa7658577/epa7658577/urls.py:57: RemovedInDjango110Warning: Support for string view arguments to url() is deprecated and will be removed in Django 1.10 (got django.views.static.serve). Pass the callable instead.
  url(r'^static/(?P<path>.*)$', 'django.views.static.serve', {'document_root': settings.STATIC_ROOT}),

[23/Sep/2017 16:23:39] INFO [root:132] ObjectCreateMixin (73) - this is a logging.info
[23/Sep/2017 16:23:39] WARNING [py.warnings:107] /Users/michaelsweeney/epa7658577/epa7658577/urls.py:57: RemovedInDjango110Warning: Support for string view arguments to url() is deprecated and will be removed in Django 1.10 (got django.views.static.serve). Pass the callable instead.
  url(r'^static/(?P<path>.*)$', 'django.views.static.serve', {'document_root': settings.STATIC_ROOT}),

[23/Sep/2017 16:23:55] INFO [root:132] ObjectCreateMixin (73) - this is a logging.info
[23/Sep/2017 16:23:55] WARNING [py.warnings:107] /Users/michaelsweeney/epa7658577/epa7658577/urls.py:57: RemovedInDjango110Warning: Support for string view arguments to url() is deprecated and will be removed in Django 1.10 (got django.views.static.serve). Pass the callable instead.
  url(r'^static/(?P<path>.*)$', 'django.views.static.serve', {'document_root': settings.STATIC_ROOT}),

[23/Sep/2017 16:24:29] INFO [root:231] ObjectUpdateMixin (71m) attempting to update 8624 Iryna Khalip
[23/Sep/2017 16:24:30] INFO [root:237] ObjectUpdateMixin (71r) form is valid - proceeding with update
[23/Sep/2017 19:02:18] INFO [root:132] ObjectCreateMixin (73) - this is a logging.info
[23/Sep/2017 19:02:18] WARNING [py.warnings:107] /Users/michaelsweeney/epa7658577/epa7658577/urls.py:57: RemovedInDjango110Warning: Support for string view arguments to url() is deprecated and will be removed in Django 1.10 (got django.views.static.serve). Pass the callable instead.
  url(r'^static/(?P<path>.*)$', 'django.views.static.serve', {'document_root': settings.STATIC_ROOT}),

[23/Sep/2017 19:02:45] INFO [root:132] ObjectCreateMixin (73) - this is a logging.info
[23/Sep/2017 19:02:45] WARNING [py.warnings:107] /Users/michaelsweeney/epa7658577/epa7658577/urls.py:57: RemovedInDjango110Warning: Support for string view arguments to url() is deprecated and will be removed in Django 1.10 (got django.views.static.serve). Pass the callable instead.
  url(r'^static/(?P<path>.*)$', 'django.views.static.serve', {'document_root': settings.STATIC_ROOT}),

[23/Sep/2017 19:02:55] INFO [root:132] ObjectCreateMixin (73) - this is a logging.info
[23/Sep/2017 19:02:55] WARNING [py.warnings:107] /Users/michaelsweeney/epa7658577/epa7658577/urls.py:57: RemovedInDjango110Warning: Support for string view arguments to url() is deprecated and will be removed in Django 1.10 (got django.views.static.serve). Pass the callable instead.
  url(r'^static/(?P<path>.*)$', 'django.views.static.serve', {'document_root': settings.STATIC_ROOT}),

[23/Sep/2017 19:09:16] INFO [root:132] ObjectCreateMixin (73) - this is a logging.info
[23/Sep/2017 19:09:17] WARNING [py.warnings:107] /Users/michaelsweeney/epa7658577/epa7658577/urls.py:57: RemovedInDjango110Warning: Support for string view arguments to url() is deprecated and will be removed in Django 1.10 (got django.views.static.serve). Pass the callable instead.
  url(r'^static/(?P<path>.*)$', 'django.views.static.serve', {'document_root': settings.STATIC_ROOT}),

[23/Sep/2017 19:19:07] INFO [root:158] ObjectCreateMixin (79u) new_object created: 289810 Test8992
[23/Sep/2017 19:37:33] INFO [root:132] ObjectCreateMixin (73) - this is a logging.info
[23/Sep/2017 19:37:33] WARNING [py.warnings:107] /Users/michaelsweeney/epa7658577/epa7658577/urls.py:57: RemovedInDjango110Warning: Support for string view arguments to url() is deprecated and will be removed in Django 1.10 (got django.views.static.serve). Pass the callable instead.
  url(r'^static/(?P<path>.*)$', 'django.views.static.serve', {'document_root': settings.STATIC_ROOT}),

[23/Sep/2017 19:37:42] WARNING [django.request:182] Not Found: /favicon.ico
[23/Sep/2017 19:37:42] WARNING [django.request:182] Not Found: /favicon.ico
[23/Sep/2017 19:37:44] INFO [root:204] ObjectDeleteMixin (73m) attempting to delete 289810 Test8992
[23/Sep/2017 19:37:44] INFO [root:207] ObjectDeleteMixin (73p) delete appears to have succeeded
[23/Sep/2017 19:37:57] INFO [root:132] ObjectCreateMixin (73) - this is a logging.info
[23/Sep/2017 19:37:57] WARNING [py.warnings:107] /Users/michaelsweeney/epa7658577/epa7658577/urls.py:57: RemovedInDjango110Warning: Support for string view arguments to url() is deprecated and will be removed in Django 1.10 (got django.views.static.serve). Pass the callable instead.
  url(r'^static/(?P<path>.*)$', 'django.views.static.serve', {'document_root': settings.STATIC_ROOT}),

[23/Sep/2017 19:40:45] INFO [root:231] ObjectUpdateMixin (71m) attempting to update 8624 Iryna Khalip
[23/Sep/2017 19:40:45] INFO [root:237] ObjectUpdateMixin (71r) form is valid - proceeding with update
[23/Sep/2017 20:52:28] INFO [root:132] ObjectCreateMixin (73) - this is a logging.info
[23/Sep/2017 20:52:28] WARNING [py.warnings:107] /Users/michaelsweeney/epa7658577/epa7658577/urls.py:57: RemovedInDjango110Warning: Support for string view arguments to url() is deprecated and will be removed in Django 1.10 (got django.views.static.serve). Pass the callable instead.
  url(r'^static/(?P<path>.*)$', 'django.views.static.serve', {'document_root': settings.STATIC_ROOT}),

[23/Sep/2017 23:14:47] INFO [root:231] ObjectUpdateMixin (71m) attempting to update 8691 Raif Badawi
[23/Sep/2017 23:14:47] INFO [root:242] ObjectUpdateMixin (71t) form is not valid
[23/Sep/2017 23:14:47] INFO [root:248] ObjectUpdateMixin (71w) - context: 
[23/Sep/2017 23:15:10] INFO [root:231] ObjectUpdateMixin (71m) attempting to update 8691 Raif Badawi
[23/Sep/2017 23:15:10] INFO [root:237] ObjectUpdateMixin (71r) form is valid - proceeding with update
[24/Sep/2017 16:15:55] INFO [root:132] ObjectCreateMixin (73) - this is a logging.info
[24/Sep/2017 16:15:55] WARNING [py.warnings:107] /Users/michaelsweeney/epa7658577/epa7658577/urls.py:57: RemovedInDjango110Warning: Support for string view arguments to url() is deprecated and will be removed in Django 1.10 (got django.views.static.serve). Pass the callable instead.
  url(r'^static/(?P<path>.*)$', 'django.views.static.serve', {'document_root': settings.STATIC_ROOT}),

[24/Sep/2017 16:16:06] INFO [root:132] ObjectCreateMixin (73) - this is a logging.info
[24/Sep/2017 16:16:06] WARNING [py.warnings:107] /Users/michaelsweeney/epa7658577/epa7658577/urls.py:57: RemovedInDjango110Warning: Support for string view arguments to url() is deprecated and will be removed in Django 1.10 (got django.views.static.serve). Pass the callable instead.
  url(r'^static/(?P<path>.*)$', 'django.views.static.serve', {'document_root': settings.STATIC_ROOT}),

[24/Sep/2017 16:16:12] INFO [root:132] ObjectCreateMixin (73) - this is a logging.info
[24/Sep/2017 16:16:12] WARNING [py.warnings:107] /Users/michaelsweeney/epa7658577/epa7658577/urls.py:57: RemovedInDjango110Warning: Support for string view arguments to url() is deprecated and will be removed in Django 1.10 (got django.views.static.serve). Pass the callable instead.
  url(r'^static/(?P<path>.*)$', 'django.views.static.serve', {'document_root': settings.STATIC_ROOT}),

[24/Sep/2017 16:17:09] WARNING [django.request:182] Not Found: /favicon.ico
[24/Sep/2017 16:17:09] WARNING [django.request:182] Not Found: /favicon.ico
[24/Sep/2017 16:17:38] INFO [root:158] ObjectCreateMixin (79u) new_object created: 289811 Test8994
[24/Sep/2017 18:53:41] INFO [root:173] ObjectCreateMixin (79x)
[24/Sep/2017 18:53:54] INFO [root:158] ObjectCreateMixin (79u) new_object created: 289812 Test 8990
[24/Sep/2017 18:58:04] INFO [root:132] ObjectCreateMixin (73) - this is a logging.info
[24/Sep/2017 18:58:04] WARNING [py.warnings:107] /Users/michaelsweeney/epa7658577/epa7658577/urls.py:57: RemovedInDjango110Warning: Support for string view arguments to url() is deprecated and will be removed in Django 1.10 (got django.views.static.serve). Pass the callable instead.
  url(r'^static/(?P<path>.*)$', 'django.views.static.serve', {'document_root': settings.STATIC_ROOT}),

[24/Sep/2017 19:01:10] WARNING [root:169] ObjectCreateMixin (79y) relation "nutr_pocauditlogentry" does not exist
LINE 1: INSERT INTO "nutr_pocauditlogentry" ("id", "created_by_id", ...
                    ^

[24/Sep/2017 19:01:10] WARNING [py.warnings:67] /usr/local/lib/python3.4/site-packages/django/template/defaulttags.py:67: UserWarning: A {% csrf_token %} was used in a template, but the context did not provide the value.  This is usually caused by not using RequestContext.
  "A {% csrf_token %} was used in a template, but the context "

[24/Sep/2017 19:01:16] WARNING [django.request:103] Forbidden (CSRF token missing or incorrect.): /poc/create/
[24/Sep/2017 19:01:16] WARNING [django.request:103] Forbidden (CSRF token missing or incorrect.): /poc/create/
[24/Sep/2017 19:01:39] INFO [root:132] ObjectCreateMixin (73) - this is a logging.info
[24/Sep/2017 19:01:39] WARNING [py.warnings:107] /Users/michaelsweeney/epa7658577/epa7658577/urls.py:57: RemovedInDjango110Warning: Support for string view arguments to url() is deprecated and will be removed in Django 1.10 (got django.views.static.serve). Pass the callable instead.
  url(r'^static/(?P<path>.*)$', 'django.views.static.serve', {'document_root': settings.STATIC_ROOT}),

[24/Sep/2017 19:01:46] INFO [root:132] ObjectCreateMixin (73) - this is a logging.info
[24/Sep/2017 19:01:46] WARNING [py.warnings:107] /Users/michaelsweeney/epa7658577/epa7658577/urls.py:57: RemovedInDjango110Warning: Support for string view arguments to url() is deprecated and will be removed in Django 1.10 (got django.views.static.serve). Pass the callable instead.
  url(r'^static/(?P<path>.*)$', 'django.views.static.serve', {'document_root': settings.STATIC_ROOT}),

[24/Sep/2017 19:02:16] INFO [root:158] ObjectCreateMixin (79u) new_object created: 289814 Test 8993
[24/Sep/2017 19:50:56] INFO [root:132] ObjectCreateMixin (73) - this is a logging.info
[24/Sep/2017 19:50:56] WARNING [py.warnings:107] /Users/michaelsweeney/epa7658577/epa7658577/urls.py:57: RemovedInDjango110Warning: Support for string view arguments to url() is deprecated and will be removed in Django 1.10 (got django.views.static.serve). Pass the callable instead.
  url(r'^static/(?P<path>.*)$', 'django.views.static.serve', {'document_root': settings.STATIC_ROOT}),

[24/Sep/2017 19:51:05] INFO [root:132] ObjectCreateMixin (73) - this is a logging.info
[24/Sep/2017 19:51:05] WARNING [py.warnings:107] /Users/michaelsweeney/epa7658577/epa7658577/urls.py:57: RemovedInDjango110Warning: Support for string view arguments to url() is deprecated and will be removed in Django 1.10 (got django.views.static.serve). Pass the callable instead.
  url(r'^static/(?P<path>.*)$', 'django.views.static.serve', {'document_root': settings.STATIC_ROOT}),

[24/Sep/2017 19:51:11] INFO [root:132] ObjectCreateMixin (73) - this is a logging.info
[24/Sep/2017 19:51:11] WARNING [py.warnings:107] /Users/michaelsweeney/epa7658577/epa7658577/urls.py:57: RemovedInDjango110Warning: Support for string view arguments to url() is deprecated and will be removed in Django 1.10 (got django.views.static.serve). Pass the callable instead.
  url(r'^static/(?P<path>.*)$', 'django.views.static.serve', {'document_root': settings.STATIC_ROOT}),

[24/Sep/2017 19:51:40] INFO [root:158] ObjectCreateMixin (79u) new_object created: 289815 Test5566
